<?xml version="1.0" encoding="UTF-8" ?>
<testsuite tests="5" failures="1" name="tests.TestRunner" time="11.598" errors="0" skipped="0">
  <properties>
[...]
</properties>
  <testcase classname="tests.TestRunner" name="runScenario" time="4.447"/>
  <testcase classname="tests.TestRunner" name="runScenario" time="1.256"/>
  <testcase classname="tests.TestRunner" name="runScenario" time="2.516"/>
  <testcase classname="tests.TestRunner" name="runScenario" time="1.36">
    <failure message="Validation Failed. Couldn&apos;t find Mineable tag" type="java.lang.AssertionError">java.lang.AssertionError: Validation Failed. Couldn&apos;t find Mineable tag
	at org.testng.Assert.fail(Assert.java:94)
	at Validations.BackendValidations.validateCryptoInfo(BackendValidations.java:24)
	at stepdefs.BEstepdefs.user_validates_the_response(BEstepdefs.java:54)
	at ✽.user validates the API response(file:///home/vend/Documents/coinmarket/src/test/resources/features/Backend.feature:24)
</failure>
    <system-out>
@All @backend @backend
Scenario: user wants to execute cryptocurrency info call &amp;#27;[90m# src/test/resources/features/Backend.feature:21&amp;#27;[0m
  &amp;#27;[32mGiven &amp;#27;[0m&amp;#27;[32muser enters API key&amp;#27;[0m                              &amp;#27;[90m# stepdefs.BEstepdefs.user_enters_api_key()&amp;#27;[0m
Request method:	GET
Request URI:	https://pro-api.coinmarketcap.com/v2/cryptocurrency/info?id=1027
Proxy:			&lt;none&gt;
Request params:	&lt;none&gt;
Query params:	id=1027
Form params:	&lt;none&gt;
Path params:	&lt;none&gt;
Multiparts:		&lt;none&gt;
Headers:		X-CMC_PRO_API_KEY=ee87f50a-c553-4d40-8652-b8ae0937e5c9
				Accept=*/*
				Content-Type=application/json; charset=UTF-8
Cookies:		&lt;none&gt;
Body:			&lt;none&gt;
  &amp;#27;[32mAnd &amp;#27;[0m&amp;#27;[32muser hits currency info API&amp;#27;[0m                        &amp;#27;[90m# stepdefs.BEstepdefs.user_hits_currency_info_API()&amp;#27;[0m
  &amp;#27;[31mAnd &amp;#27;[0m&amp;#27;[31muser validates the API response&amp;#27;[0m                    &amp;#27;[90m# stepdefs.BEstepdefs.user_validates_the_response()&amp;#27;[0m
      &amp;#27;[31mjava.lang.AssertionError: Validation Failed. Couldn&apos;t find Mineable tag
	at org.testng.Assert.fail(Assert.java:94)
	at Validations.BackendValidations.validateCryptoInfo(BackendValidations.java:24)
	at stepdefs.BEstepdefs.user_validates_the_response(BEstepdefs.java:54)
	at ✽.user validates the API response(file:///home/vend/Documents/coinmarket/src/test/resources/features/Backend.feature:24)
&amp;#27;[0m
  &amp;#27;[36mAnd &amp;#27;[0m&amp;#27;[36muser validates status code is &amp;#27;[0m&amp;#27;[36m&amp;#27;[1m200&amp;#27;[0m                  &amp;#27;[90m# stepdefs.BEstepdefs.user_validates_status_code(int)&amp;#27;[0m
</system-out>
  </testcase>
  <testcase classname="tests.TestRunner" name="runScenario" time="2.019"/>
</testsuite>