<?xml version="1.0" encoding="UTF-8"?>
<!-- Generated by org.testng.reporters.JUnitXMLReporter -->
<testsuite hostname="vend-HP-ProBook-450-G7" name="Command line test" tests="5" failures="1" timestamp="26 Dec 2022 07:51:04 GMT" time="12.048" errors="0">
  <testcase name="runScenario" time="4.443" classname="tests.TestRunner"/>
  <testcase name="runScenario" time="1.26" classname="tests.TestRunner"/>
  <testcase name="runScenario" time="2.515" classname="tests.TestRunner"/>
  <testcase name="runScenario" time="1.36" classname="tests.TestRunner">
    <failure type="java.lang.AssertionError" message="Validation Failed. Couldn&amp;apos;t find Mineable tag">
      <![CDATA[java.lang.AssertionError: Validation Failed. Couldn't find Mineable tag
	at Validations.BackendValidations.validateCryptoInfo(BackendValidations.java:24)
	at stepdefs.BEstepdefs.user_validates_the_response(BEstepdefs.java:54)
	at ✽.user validates the API response(file:///home/vend/Documents/coinmarket/src/test/resources/features/Backend.feature:24)
... Removed 1 stack frames]]>
    </failure>
  </testcase> <!-- runScenario -->
  <testcase name="runScenario" time="2.02" classname="tests.TestRunner"/>
</testsuite> <!-- Command line test -->
