<?xml version="1.0" encoding="UTF-8"?>
<!-- Generated by org.testng.reporters.JUnitReportReporter -->
<testsuite hostname="vend-HP-ProBook-450-G7" name="tests.TestRunner" tests="5" failures="1" timestamp="26 Dec 2022 07:51:04 GMT" time="11.598" errors="0">
  <testcase name="runScenario" time="2.020" classname="tests.TestRunner"/>
  <testcase name="runScenario" time="4.443" classname="tests.TestRunner"/>
  <testcase name="runScenario" time="1.360" classname="tests.TestRunner">
    <failure type="java.lang.AssertionError" message="Validation Failed. Couldn&#039;t find Mineable tag">
      <![CDATA[java.lang.AssertionError: Validation Failed. Couldn't find Mineable tag
	at org.testng.Assert.fail(Assert.java:94)
	at Validations.BackendValidations.validateCryptoInfo(BackendValidations.java:24)
	at stepdefs.BEstepdefs.user_validates_the_response(BEstepdefs.java:54)
	at ✽.user validates the API response(file:///home/vend/Documents/coinmarket/src/test/resources/features/Backend.feature:24)
]]>
    </failure>
  </testcase> <!-- runScenario -->
  <testcase name="runScenario" time="1.260" classname="tests.TestRunner"/>
  <testcase name="runScenario" time="2.515" classname="tests.TestRunner"/>
</testsuite> <!-- tests.TestRunner -->
